<?xml version="1.0" encoding="UTF-8"?>
<!-- Generated by org.testng.reporters.JUnitReportReporter -->
<testsuite skipped="0" hostname="DESKTOP-AF71NMN" name="com.tests.Class2Test" tests="1" failures="0" timestamp="2019-11-27T09:53:26 IST" time="0.015" errors="0">
  <testcase name="meth1" time="0.015" classname="com.tests.Class2Test"/>
</testsuite> <!-- com.tests.Class2Test -->
