<?xml version="1.0" encoding="UTF-8"?>
<!-- Generated by org.testng.reporters.JUnitReportReporter -->
<testsuite skipped="0" hostname="DESKTOP-AF71NMN" name="com.tests.TestClass2" tests="1" failures="0" timestamp="2019-11-27T09:43:13 IST" time="0.006" errors="0">
  <testcase name="meth1" time="0.006" classname="com.tests.TestClass2"/>
</testsuite> <!-- com.tests.TestClass2 -->
