<?xml version="1.0" encoding="UTF-8"?>
<!-- Generated by org.testng.reporters.JUnitReportReporter -->
<testsuite skipped="0" hostname="DESKTOP-AF71NMN" name="com.rippon.Class2Test" tests="1" failures="0" timestamp="2019-11-27T21:45:39 IST" time="0.005" errors="0">
  <testcase name="meth1" time="0.005" classname="com.rippon.Class2Test"/>
</testsuite> <!-- com.rippon.Class2Test -->
