<?xml version="1.0" encoding="UTF-8"?>
<!-- Generated by org.testng.reporters.JUnitReportReporter -->
<testsuite hostname="DESKTOP-AF71NMN" name="com.rippon.Class2Test" tests="4" failures="0" timestamp="27 Nov 2019 16:17:41 GMT" time="0.014" errors="0">
  <testcase name="meth1" time="0.001" classname="com.rippon.Class2Test"/>
  <testcase name="meth1" time="0.009" classname="com.rippon.Class2Test"/>
  <testcase name="meth1" time="0.003" classname="com.rippon.Class2Test"/>
  <testcase name="meth1" time="0.001" classname="com.rippon.Class2Test"/>
</testsuite> <!-- com.rippon.Class2Test -->
